c:\users\lenovo ryzen 7\source\repos\adasa\gradetrack\gradebook\gradebook\x64\debug\gradebook.pch
c:\users\lenovo ryzen 7\source\repos\adasa\gradetrack\gradebook\gradebook\x64\debug\vc143.pdb
c:\users\lenovo ryzen 7\source\repos\adasa\gradetrack\gradebook\gradebook\x64\debug\vc143.idb
c:\users\lenovo ryzen 7\source\repos\adasa\gradetrack\gradebook\gradebook\x64\debug\pch.obj
c:\users\lenovo ryzen 7\source\repos\adasa\gradetrack\gradebook\gradebook\x64\debug\gradebookdlg.obj
c:\users\lenovo ryzen 7\source\repos\adasa\gradetrack\gradebook\gradebook\x64\debug\gradebook.obj
c:\users\lenovo ryzen 7\source\repos\adasa\gradetrack\gradebook\gradebook\x64\debug\cmanagesubjectsdlg.obj
c:\users\lenovo ryzen 7\source\repos\adasa\gradetrack\gradebook\gradebook\x64\debug\cmanagestudentsdlg.obj
c:\users\lenovo ryzen 7\source\repos\adasa\gradetrack\gradebook\gradebook\x64\debug\cmanagegradesdlg.obj
c:\users\lenovo ryzen 7\source\repos\adasa\gradetrack\gradebook\gradebook\x64\debug\cmanagecurriculumdlg.obj
c:\users\lenovo ryzen 7\source\repos\adasa\gradetrack\gradebook\gradebook\x64\debug\cmanageclassesdlg.obj
c:\users\lenovo ryzen 7\source\repos\adasa\gradetrack\gradebook\gradebook\x64\debug\cmanageteachersdlg.obj
c:\users\lenovo ryzen 7\source\repos\adasa\gradetrack\gradebook\gradebook\x64\debug\gradebookdatabase.obj
c:\users\lenovo ryzen 7\source\repos\adasa\gradetrack\gradebook\x64\debug\gradebook.exe
c:\users\lenovo ryzen 7\source\repos\adasa\gradetrack\gradebook\x64\debug\gradebook.pdb
c:\users\lenovo ryzen 7\source\repos\adasa\gradetrack\gradebook\gradebook\x64\debug\gradebook.res
c:\users\lenovo ryzen 7\source\repos\adasa\gradetrack\gradebook\gradebook\x64\debug\gradebook.ilk
c:\users\lenovo ryzen 7\source\repos\adasa\gradetrack\gradebook\gradebook\x64\debug\gradebook.tlog\cl.command.1.tlog
c:\users\lenovo ryzen 7\source\repos\adasa\gradetrack\gradebook\gradebook\x64\debug\gradebook.tlog\cl.items.tlog
c:\users\lenovo ryzen 7\source\repos\adasa\gradetrack\gradebook\gradebook\x64\debug\gradebook.tlog\cl.read.1.tlog
c:\users\lenovo ryzen 7\source\repos\adasa\gradetrack\gradebook\gradebook\x64\debug\gradebook.tlog\cl.write.1.tlog
c:\users\lenovo ryzen 7\source\repos\adasa\gradetrack\gradebook\gradebook\x64\debug\gradebook.tlog\link.command.1.tlog
c:\users\lenovo ryzen 7\source\repos\adasa\gradetrack\gradebook\gradebook\x64\debug\gradebook.tlog\link.read.1.tlog
c:\users\lenovo ryzen 7\source\repos\adasa\gradetrack\gradebook\gradebook\x64\debug\gradebook.tlog\link.secondary.1.tlog
c:\users\lenovo ryzen 7\source\repos\adasa\gradetrack\gradebook\gradebook\x64\debug\gradebook.tlog\link.write.1.tlog
c:\users\lenovo ryzen 7\source\repos\adasa\gradetrack\gradebook\gradebook\x64\debug\gradebook.tlog\rc.command.1.tlog
c:\users\lenovo ryzen 7\source\repos\adasa\gradetrack\gradebook\gradebook\x64\debug\gradebook.tlog\rc.read.1.tlog
c:\users\lenovo ryzen 7\source\repos\adasa\gradetrack\gradebook\gradebook\x64\debug\gradebook.tlog\rc.write.1.tlog
